# JRE version: 7.0_09-b30
# Java VM: OpenJDK Client VM (23.2-b09 mixed mode, sharing linux-x86 )
Heap
 def new generation   total 99200K, used 27068K [0x62a00000, 0x695a0000, 0x6d4a0000)
  eden space 88192K,  24% used [0x62a00000, 0x63f42928, 0x68020000)
  from space 11008K,  48% used [0x68ae0000, 0x6900c8f0, 0x695a0000)
  to   space 11008K,   0% used [0x68020000, 0x68020000, 0x68ae0000)
 tenured generation   total 220292K, used 180957K [0x6d4a0000, 0x7abc1000, 0x82a00000)
   the space 220292K,  82% used [0x6d4a0000, 0x78557728, 0x78557800, 0x7abc1000)
 compacting perm gen  total 83968K, used 83912K [0x82a00000, 0x87c00000, 0x92a00000)
   the space 83968K,  99% used [0x82a00000, 0x87bf2270, 0x87bf2400, 0x87c00000)
    ro space 10240K,  60% used [0x92a00000, 0x93010008, 0x93010200, 0x93400000)
    rw space 12288K,  61% used [0x93400000, 0x93b65c90, 0x93b65e00, 0x94000000)
GC Heap History (10 events):
Event: 10679,794 GC heap before
{Heap before GC invocations=100 (full 17):
 def new generation   total 99200K, used 97597K [0x62a00000, 0x695a0000, 0x6d4a0000)
  eden space 88192K, 100% used [0x62a00000, 0x68020000, 0x68020000)
  from space 11008K,  85% used [0x68020000, 0x6894f718, 0x68ae0000)
  to   space 11008K,   0% used [0x68ae0000, 0x68ae0000, 0x695a0000)
 tenured generation   total 220292K, used 169235K [0x6d4a0000, 0x7abc1000, 0x82a00000)
   the space 220292K,  76% used [0x6d4a0000, 0x779e4c28, 0x779e4e00, 0x7abc1000)
 compacting perm gen  total 82944K, used 82827K [0x82a00000, 0x87b00000, 0x92a00000)
   the space 82944K,  99% used [0x82a00000, 0x87ae2f00, 0x87ae3000, 0x87b00000)
    ro space 10240K,  60% used [0x92a00000, 0x93010008, 0x93010200, 0x93400000)
    rw space 12288K,  61% used [0x93400000, 0x93b65c90, 0x93b65e00, 0x94000000)
Event: 10679,833 GC heap after
Heap after GC invocations=101 (full 17):
 def new generation   total 99200K, used 8919K [0x62a00000, 0x695a0000, 0x6d4a0000)
  eden space 88192K,   0% used [0x62a00000, 0x62a00000, 0x68020000)
  from space 11008K,  81% used [0x68ae0000, 0x69395c10, 0x695a0000)
  to   space 11008K,   0% used [0x68020000, 0x68020000, 0x68ae0000)
 tenured generation   total 220292K, used 170331K [0x6d4a0000, 0x7abc1000, 0x82a00000)
   the space 220292K,  77% used [0x6d4a0000, 0x77af6d50, 0x77af6e00, 0x7abc1000)
 compacting perm gen  total 82944K, used 82827K [0x82a00000, 0x87b00000, 0x92a00000)
   the space 82944K,  99% used [0x82a00000, 0x87ae2f00, 0x87ae3000, 0x87b00000)
    ro space 10240K,  60% used [0x92a00000, 0x93010008, 0x93010200, 0x93400000)
    rw space 12288K,  61% used [0x93400000, 0x93b65c90, 0x93b65e00, 0x94000000)
}
Event: 10680,015 GC heap before
{Heap before GC invocations=101 (full 17):
 def new generation   total 99200K, used 97111K [0x62a00000, 0x695a0000, 0x6d4a0000)
  eden space 88192K, 100% used [0x62a00000, 0x68020000, 0x68020000)
  from space 11008K,  81% used [0x68ae0000, 0x69395c10, 0x695a0000)
  to   space 11008K,   0% used [0x68020000, 0x68020000, 0x68ae0000)
 tenured generation   total 220292K, used 170331K [0x6d4a0000, 0x7abc1000, 0x82a00000)
   the space 220292K,  77% used [0x6d4a0000, 0x77af6d50, 0x77af6e00, 0x7abc1000)
 compacting perm gen  total 82944K, used 82827K [0x82a00000, 0x87b00000, 0x92a00000)
   the space 82944K,  99% used [0x82a00000, 0x87ae2f00, 0x87ae3000, 0x87b00000)
    ro space 10240K,  60% used [0x92a00000, 0x93010008, 0x93010200, 0x93400000)
    rw space 12288K,  61% used [0x93400000, 0x93b65c90, 0x93b65e00, 0x94000000)
Event: 10680,046 GC heap after
Heap after GC invocations=102 (full 17):
 def new generation   total 99200K, used 10020K [0x62a00000, 0x695a0000, 0x6d4a0000)
  eden space 88192K,   0% used [0x62a00000, 0x62a00000, 0x68020000)
  from space 11008K,  91% used [0x68020000, 0x689e9240, 0x68ae0000)
  to   space 11008K,   0% used [0x68ae0000, 0x68ae0000, 0x695a0000)
 tenured generation   total 220292K, used 171765K [0x6d4a0000, 0x7abc1000, 0x82a00000)
   the space 220292K,  77% used [0x6d4a0000, 0x77c5d440, 0x77c5d600, 0x7abc1000)
 compacting perm gen  total 82944K, used 82827K [0x82a00000, 0x87b00000, 0x92a00000)
   the space 82944K,  99% used [0x82a00000, 0x87ae2f00, 0x87ae3000, 0x87b00000)
    ro space 10240K,  60% used [0x92a00000, 0x93010008, 0x93010200, 0x93400000)
    rw space 12288K,  61% used [0x93400000, 0x93b65c90, 0x93b65e00, 0x94000000)
}
Event: 11444,043 GC heap before
{Heap before GC invocations=102 (full 17):
 def new generation   total 99200K, used 98212K [0x62a00000, 0x695a0000, 0x6d4a0000)
  eden space 88192K, 100% used [0x62a00000, 0x68020000, 0x68020000)
  from space 11008K,  91% used [0x68020000, 0x689e9240, 0x68ae0000)
  to   space 11008K,   0% used [0x68ae0000, 0x68ae0000, 0x695a0000)
 tenured generation   total 220292K, used 171765K [0x6d4a0000, 0x7abc1000, 0x82a00000)
   the space 220292K,  77% used [0x6d4a0000, 0x77c5d440, 0x77c5d600, 0x7abc1000)
 compacting perm gen  total 83712K, used 83589K [0x82a00000, 0x87bc0000, 0x92a00000)
   the space 83712K,  99% used [0x82a00000, 0x87ba1770, 0x87ba1800, 0x87bc0000)
    ro space 10240K,  60% used [0x92a00000, 0x93010008, 0x93010200, 0x93400000)
    rw space 12288K,  61% used [0x93400000, 0x93b65c90, 0x93b65e00, 0x94000000)
Event: 11444,087 GC heap after
Heap after GC invocations=103 (full 17):
 def new generation   total 99200K, used 5786K [0x62a00000, 0x695a0000, 0x6d4a0000)
  eden space 88192K,   0% used [0x62a00000, 0x62a00000, 0x68020000)
  from space 11008K,  52% used [0x68ae0000, 0x69086808, 0x695a0000)
  to   space 11008K,   0% used [0x68020000, 0x68020000, 0x68ae0000)
 tenured generation   total 220292K, used 175062K [0x6d4a0000, 0x7abc1000, 0x82a00000)
   the space 220292K,  79% used [0x6d4a0000, 0x77f95818, 0x77f95a00, 0x7abc1000)
 compacting perm gen  total 83712K, used 83589K [0x82a00000, 0x87bc0000, 0x92a00000)
   the space 83712K,  99% used [0x82a00000, 0x87ba1770, 0x87ba1800, 0x87bc0000)
    ro space 10240K,  60% used [0x92a00000, 0x93010008, 0x93010200, 0x93400000)
    rw space 12288K,  61% used [0x93400000, 0x93b65c90, 0x93b65e00, 0x94000000)
}
Event: 11447,871 GC heap before
{Heap before GC invocations=103 (full 17):
 def new generation   total 99200K, used 93978K [0x62a00000, 0x695a0000, 0x6d4a0000)
  eden space 88192K, 100% used [0x62a00000, 0x68020000, 0x68020000)
  from space 11008K,  52% used [0x68ae0000, 0x69086808, 0x695a0000)
  to   space 11008K,   0% used [0x68020000, 0x68020000, 0x68ae0000)
 tenured generation   total 220292K, used 175062K [0x6d4a0000, 0x7abc1000, 0x82a00000)
   the space 220292K,  79% used [0x6d4a0000, 0x77f95818, 0x77f95a00, 0x7abc1000)
 compacting perm gen  total 83968K, used 83858K [0x82a00000, 0x87c00000, 0x92a00000)
   the space 83968K,  99% used [0x82a00000, 0x87be4aa0, 0x87be4c00, 0x87c00000)
    ro space 10240K,  60% used [0x92a00000, 0x93010008, 0x93010200, 0x93400000)
    rw space 12288K,  61% used [0x93400000, 0x93b65c90, 0x93b65e00, 0x94000000)
Event: 11447,920 GC heap after
Heap after GC invocations=104 (full 17):
 def new generation   total 99200K, used 10423K [0x62a00000, 0x695a0000, 0x6d4a0000)
  eden space 88192K,   0% used [0x62a00000, 0x62a00000, 0x68020000)
  from space 11008K,  94% used [0x68020000, 0x68a4dcb8, 0x68ae0000)
  to   space 11008K,   0% used [0x68ae0000, 0x68ae0000, 0x695a0000)
 tenured generation   total 220292K, used 177225K [0x6d4a0000, 0x7abc1000, 0x82a00000)
   the space 220292K,  80% used [0x6d4a0000, 0x781b26b8, 0x781b2800, 0x7abc1000)
 compacting perm gen  total 83968K, used 83858K [0x82a00000, 0x87c00000, 0x92a00000)
   the space 83968K,  99% used [0x82a00000, 0x87be4aa0, 0x87be4c00, 0x87c00000)
    ro space 10240K,  60% used [0x92a00000, 0x93010008, 0x93010200, 0x93400000)
    rw space 12288K,  61% used [0x93400000, 0x93b65c90, 0x93b65e00, 0x94000000)
}
Event: 11475,811 GC heap before
{Heap before GC invocations=104 (full 17):
 def new generation   total 99200K, used 98615K [0x62a00000, 0x695a0000, 0x6d4a0000)
  eden space 88192K, 100% used [0x62a00000, 0x68020000, 0x68020000)
  from space 11008K,  94% used [0x68020000, 0x68a4dcb8, 0x68ae0000)
  to   space 11008K,   0% used [0x68ae0000, 0x68ae0000, 0x695a0000)
 tenured generation   total 220292K, used 177225K [0x6d4a0000, 0x7abc1000, 0x82a00000)
   the space 220292K,  80% used [0x6d4a0000, 0x781b26b8, 0x781b2800, 0x7abc1000)
 compacting perm gen  total 83968K, used 83862K [0x82a00000, 0x87c00000, 0x92a00000)
   the space 83968K,  99% used [0x82a00000, 0x87be5a60, 0x87be5c00, 0x87c00000)
    ro space 10240K,  60% used [0x92a00000, 0x93010008, 0x93010200, 0x93400000)
    rw space 12288K,  61% used [0x93400000, 0x93b65c90, 0x93b65e00, 0x94000000)
Event: 11475,862 GC heap after
Heap after GC invocations=105 (full 17):
 def new generation   total 99200K, used 5298K [0x62a00000, 0x695a0000, 0x6d4a0000)
  eden space 88192K,   0% used [0x62a00000, 0x62a00000, 0x68020000)
  from space 11008K,  48% used [0x68ae0000, 0x6900c8f0, 0x695a0000)
  to   space 11008K,   0% used [0x68020000, 0x68020000, 0x68ae0000)
 tenured generation   total 220292K, used 180957K [0x6d4a0000, 0x7abc1000, 0x82a00000)
   the space 220292K,  82% used [0x6d4a0000, 0x78557728, 0x78557800, 0x7abc1000)
 compacting perm gen  total 83968K, used 83862K [0x82a00000, 0x87c00000, 0x92a00000)
   the space 83968K,  99% used [0x82a00000, 0x87be5a60, 0x87be5c00, 0x87c00000)
    ro space 10240K,  60% used [0x92a00000, 0x93010008, 0x93010200, 0x93400000)
    rw space 12288K,  61% used [0x93400000, 0x93b65c90, 0x93b65e00, 0x94000000)
}

