# JRE version: 7.0_09-b30
# Java VM: OpenJDK Client VM (23.2-b09 mixed mode, sharing linux-x86 )
Heap
 def new generation   total 235968K, used 136985K [0x52a00000, 0x62a00000, 0x62a00000)
  eden space 209792K,  63% used [0x52a00000, 0x5ab14d50, 0x5f6e0000)
  from space 26176K,  18% used [0x5f6e0000, 0x5fb91700, 0x61070000)
  to   space 26176K,   0% used [0x61070000, 0x61070000, 0x62a00000)
 tenured generation   total 524288K, used 315060K [0x62a00000, 0x82a00000, 0x82a00000)
   the space 524288K,  60% used [0x62a00000, 0x75dad118, 0x75dad200, 0x82a00000)
 compacting perm gen  total 108032K, used 107967K [0x82a00000, 0x89380000, 0x92a00000)
   the space 108032K,  99% used [0x82a00000, 0x8936fc40, 0x8936fe00, 0x89380000)
    ro space 10240K,  60% used [0x92a00000, 0x93010008, 0x93010200, 0x93400000)
    rw space 12288K,  61% used [0x93400000, 0x93b65c90, 0x93b65e00, 0x94000000)
GC Heap History (10 events):
Event: 74378,764 GC heap before
{Heap before GC invocations=522 (full 236):
 def new generation   total 235968K, used 216618K [0x52a00000, 0x62a00000, 0x62a00000)
  eden space 209792K, 100% used [0x52a00000, 0x5f6e0000, 0x5f6e0000)
  from space 26176K,  26% used [0x5f6e0000, 0x5fd8a8d0, 0x61070000)
  to   space 26176K,   0% used [0x61070000, 0x61070000, 0x62a00000)
 tenured generation   total 524288K, used 269563K [0x62a00000, 0x82a00000, 0x82a00000)
   the space 524288K,  51% used [0x62a00000, 0x7313efd8, 0x7313f000, 0x82a00000)
 compacting perm gen  total 108032K, used 107959K [0x82a00000, 0x89380000, 0x92a00000)
   the space 108032K,  99% used [0x82a00000, 0x8936df68, 0x8936e000, 0x89380000)
    ro space 10240K,  60% used [0x92a00000, 0x93010008, 0x93010200, 0x93400000)
    rw space 12288K,  61% used [0x93400000, 0x93b65c90, 0x93b65e00, 0x94000000)
Event: 74378,848 GC heap after
Heap after GC invocations=523 (full 236):
 def new generation   total 235968K, used 4543K [0x52a00000, 0x62a00000, 0x62a00000)
  eden space 209792K,   0% used [0x52a00000, 0x52a00000, 0x5f6e0000)
  from space 26176K,  17% used [0x61070000, 0x614dff00, 0x62a00000)
  to   space 26176K,   0% used [0x5f6e0000, 0x5f6e0000, 0x61070000)
 tenured generation   total 524288K, used 269563K [0x62a00000, 0x82a00000, 0x82a00000)
   the space 524288K,  51% used [0x62a00000, 0x7313efd8, 0x7313f000, 0x82a00000)
 compacting perm gen  total 108032K, used 107959K [0x82a00000, 0x89380000, 0x92a00000)
   the space 108032K,  99% used [0x82a00000, 0x8936df68, 0x8936e000, 0x89380000)
    ro space 10240K,  60% used [0x92a00000, 0x93010008, 0x93010200, 0x93400000)
    rw space 12288K,  61% used [0x93400000, 0x93b65c90, 0x93b65e00, 0x94000000)
}
Event: 74391,222 GC heap before
{Heap before GC invocations=523 (full 236):
 def new generation   total 235968K, used 214335K [0x52a00000, 0x62a00000, 0x62a00000)
  eden space 209792K, 100% used [0x52a00000, 0x5f6e0000, 0x5f6e0000)
  from space 26176K,  17% used [0x61070000, 0x614dff00, 0x62a00000)
  to   space 26176K,   0% used [0x5f6e0000, 0x5f6e0000, 0x61070000)
 tenured generation   total 524288K, used 269563K [0x62a00000, 0x82a00000, 0x82a00000)
   the space 524288K,  51% used [0x62a00000, 0x7313efd8, 0x7313f000, 0x82a00000)
 compacting perm gen  total 108032K, used 107967K [0x82a00000, 0x89380000, 0x92a00000)
   the space 108032K,  99% used [0x82a00000, 0x8936fc40, 0x8936fe00, 0x89380000)
    ro space 10240K,  60% used [0x92a00000, 0x93010008, 0x93010200, 0x93400000)
    rw space 12288K,  61% used [0x93400000, 0x93b65c90, 0x93b65e00, 0x94000000)
Event: 74391,319 GC heap after
Heap after GC invocations=524 (full 236):
 def new generation   total 235968K, used 6581K [0x52a00000, 0x62a00000, 0x62a00000)
  eden space 209792K,   0% used [0x52a00000, 0x52a00000, 0x5f6e0000)
  from space 26176K,  25% used [0x5f6e0000, 0x5fd4d5d0, 0x61070000)
  to   space 26176K,   0% used [0x61070000, 0x61070000, 0x62a00000)
 tenured generation   total 524288K, used 269563K [0x62a00000, 0x82a00000, 0x82a00000)
   the space 524288K,  51% used [0x62a00000, 0x7313efd8, 0x7313f000, 0x82a00000)
 compacting perm gen  total 108032K, used 107967K [0x82a00000, 0x89380000, 0x92a00000)
   the space 108032K,  99% used [0x82a00000, 0x8936fc40, 0x8936fe00, 0x89380000)
    ro space 10240K,  60% used [0x92a00000, 0x93010008, 0x93010200, 0x93400000)
    rw space 12288K,  61% used [0x93400000, 0x93b65c90, 0x93b65e00, 0x94000000)
}
Event: 74407,971 GC heap before
{Heap before GC invocations=524 (full 236):
 def new generation   total 235968K, used 216373K [0x52a00000, 0x62a00000, 0x62a00000)
  eden space 209792K, 100% used [0x52a00000, 0x5f6e0000, 0x5f6e0000)
  from space 26176K,  25% used [0x5f6e0000, 0x5fd4d5d0, 0x61070000)
  to   space 26176K,   0% used [0x61070000, 0x61070000, 0x62a00000)
 tenured generation   total 524288K, used 269563K [0x62a00000, 0x82a00000, 0x82a00000)
   the space 524288K,  51% used [0x62a00000, 0x7313efd8, 0x7313f000, 0x82a00000)
 compacting perm gen  total 108032K, used 107967K [0x82a00000, 0x89380000, 0x92a00000)
   the space 108032K,  99% used [0x82a00000, 0x8936fc40, 0x8936fe00, 0x89380000)
    ro space 10240K,  60% used [0x92a00000, 0x93010008, 0x93010200, 0x93400000)
    rw space 12288K,  61% used [0x93400000, 0x93b65c90, 0x93b65e00, 0x94000000)
Event: 74408,319 GC heap after
Heap after GC invocations=525 (full 236):
 def new generation   total 235968K, used 26176K [0x52a00000, 0x62a00000, 0x62a00000)
  eden space 209792K,   0% used [0x52a00000, 0x52a00000, 0x5f6e0000)
  from space 26176K, 100% used [0x61070000, 0x62a00000, 0x62a00000)
  to   space 26176K,   0% used [0x5f6e0000, 0x5f6e0000, 0x61070000)
 tenured generation   total 524288K, used 287853K [0x62a00000, 0x82a00000, 0x82a00000)
   the space 524288K,  54% used [0x62a00000, 0x7431b720, 0x7431b800, 0x82a00000)
 compacting perm gen  total 108032K, used 107967K [0x82a00000, 0x89380000, 0x92a00000)
   the space 108032K,  99% used [0x82a00000, 0x8936fc40, 0x8936fe00, 0x89380000)
    ro space 10240K,  60% used [0x92a00000, 0x93010008, 0x93010200, 0x93400000)
    rw space 12288K,  61% used [0x93400000, 0x93b65c90, 0x93b65e00, 0x94000000)
}
Event: 74408,522 GC heap before
{Heap before GC invocations=525 (full 236):
 def new generation   total 235968K, used 32306K [0x52a00000, 0x62a00000, 0x62a00000)
  eden space 209792K,   2% used [0x52a00000, 0x52ffcab8, 0x5f6e0000)
  from space 26176K, 100% used [0x61070000, 0x62a00000, 0x62a00000)
  to   space 26176K,   0% used [0x5f6e0000, 0x5f6e0000, 0x61070000)
 tenured generation   total 524288K, used 287853K [0x62a00000, 0x82a00000, 0x82a00000)
   the space 524288K,  54% used [0x62a00000, 0x7431b720, 0x7431b800, 0x82a00000)
 compacting perm gen  total 108032K, used 107967K [0x82a00000, 0x89380000, 0x92a00000)
   the space 108032K,  99% used [0x82a00000, 0x8936fc40, 0x8936fe00, 0x89380000)
    ro space 10240K,  60% used [0x92a00000, 0x93010008, 0x93010200, 0x93400000)
    rw space 12288K,  61% used [0x93400000, 0x93b65c90, 0x93b65e00, 0x94000000)
Event: 74411,030 GC heap after
Heap after GC invocations=526 (full 237):
 def new generation   total 235968K, used 0K [0x52a00000, 0x62a00000, 0x62a00000)
  eden space 209792K,   0% used [0x52a00000, 0x52a00000, 0x5f6e0000)
  from space 26176K,   0% used [0x61070000, 0x61070000, 0x62a00000)
  to   space 26176K,   0% used [0x5f6e0000, 0x5f6e0000, 0x61070000)
 tenured generation   total 524288K, used 315060K [0x62a00000, 0x82a00000, 0x82a00000)
   the space 524288K,  60% used [0x62a00000, 0x75dad118, 0x75dad200, 0x82a00000)
 compacting perm gen  total 108032K, used 107967K [0x82a00000, 0x89380000, 0x92a00000)
   the space 108032K,  99% used [0x82a00000, 0x8936fc40, 0x8936fe00, 0x89380000)
    ro space 10240K,  60% used [0x92a00000, 0x93010008, 0x93010200, 0x93400000)
    rw space 12288K,  61% used [0x93400000, 0x93b65c90, 0x93b65e00, 0x94000000)
}
Event: 74441,596 GC heap before
{Heap before GC invocations=526 (full 237):
 def new generation   total 235968K, used 209792K [0x52a00000, 0x62a00000, 0x62a00000)
  eden space 209792K, 100% used [0x52a00000, 0x5f6e0000, 0x5f6e0000)
  from space 26176K,   0% used [0x61070000, 0x61070000, 0x62a00000)
  to   space 26176K,   0% used [0x5f6e0000, 0x5f6e0000, 0x61070000)
 tenured generation   total 524288K, used 315060K [0x62a00000, 0x82a00000, 0x82a00000)
   the space 524288K,  60% used [0x62a00000, 0x75dad118, 0x75dad200, 0x82a00000)
 compacting perm gen  total 108032K, used 107967K [0x82a00000, 0x89380000, 0x92a00000)
   the space 108032K,  99% used [0x82a00000, 0x8936fc40, 0x8936fe00, 0x89380000)
    ro space 10240K,  60% used [0x92a00000, 0x93010008, 0x93010200, 0x93400000)
    rw space 12288K,  61% used [0x93400000, 0x93b65c90, 0x93b65e00, 0x94000000)
Event: 74441,656 GC heap after
Heap after GC invocations=527 (full 237):
 def new generation   total 235968K, used 4805K [0x52a00000, 0x62a00000, 0x62a00000)
  eden space 209792K,   0% used [0x52a00000, 0x52a00000, 0x5f6e0000)
  from space 26176K,  18% used [0x5f6e0000, 0x5fb91700, 0x61070000)
  to   space 26176K,   0% used [0x61070000, 0x61070000, 0x62a00000)
 tenured generation   total 524288K, used 315060K [0x62a00000, 0x82a00000, 0x82a00000)
   the space 524288K,  60% used [0x62a00000, 0x75dad118, 0x75dad200, 0x82a00000)
 compacting perm gen  total 108032K, used 107967K [0x82a00000, 0x89380000, 0x92a00000)
   the space 108032K,  99% used [0x82a00000, 0x8936fc40, 0x8936fe00, 0x89380000)
    ro space 10240K,  60% used [0x92a00000, 0x93010008, 0x93010200, 0x93400000)
    rw space 12288K,  61% used [0x93400000, 0x93b65c90, 0x93b65e00, 0x94000000)
}

